<?xml version="1.0" encoding="UTF-8" ?>
<testsuite failures="0" time="0.77" errors="0" skipped="0" tests="3" name="com.deleidos.rtws.transport.OpenFdaUrlTransportServiceTest">
  <properties>
[...]
</properties>
  <testcase time="0.618" classname="com.deleidos.rtws.transport.OpenFdaUrlTransportServiceTest" name="testGetData10Records"/>
  <testcase time="0.098" classname="com.deleidos.rtws.transport.OpenFdaUrlTransportServiceTest" name="testGetData100Records"/>
  <testcase time="0.026" classname="com.deleidos.rtws.transport.OpenFdaUrlTransportServiceTest" name="testGetDataInvalidURL"/>
</testsuite>